The system is: Linux - 4.14.186-146.268.amzn2.x86_64 - x86_64
Compiling the C compiler identification source file "CMakeCCompilerId.c" succeeded.
Compiler: /bin/cc 
Build flags: 
Id flags:  

The output was:
0


Compilation of the C compiler identification source "CMakeCCompilerId.c" produced "a.out"

The C compiler identification is GNU, found in "/usr/local/src/PotreeConverter2/master/build/CMakeFiles/3.17.4/CompilerIdC/a.out"

Compiling the CXX compiler identification source file "CMakeCXXCompilerId.cpp" succeeded.
Compiler: /usr/local/src/gcc-8.4.0/build/bin/g++ 
Build flags: 
Id flags:  

The output was:
0


Compilation of the CXX compiler identification source "CMakeCXXCompilerId.cpp" produced "a.out"

The CXX compiler identification is GNU, found in "/usr/local/src/PotreeConverter2/master/build/CMakeFiles/3.17.4/CompilerIdCXX/a.out"

Determining if the C compiler works passed with the following output:
Change Dir: /usr/local/src/PotreeConverter2/master/build/CMakeFiles/CMakeTmp

Run Build Command(s):/bin/gmake cmTC_8d976/fast && /bin/gmake  -f CMakeFiles/cmTC_8d976.dir/build.make CMakeFiles/cmTC_8d976.dir/build
gmake[1]: Entering directory `/usr/local/src/PotreeConverter2/master/build/CMakeFiles/CMakeTmp'
Building C object CMakeFiles/cmTC_8d976.dir/testCCompiler.c.o
/bin/cc    -o CMakeFiles/cmTC_8d976.dir/testCCompiler.c.o   -c /usr/local/src/PotreeConverter2/master/build/CMakeFiles/CMakeTmp/testCCompiler.c
Linking C executable cmTC_8d976
/opt/cmake/bin/cmake -E cmake_link_script CMakeFiles/cmTC_8d976.dir/link.txt --verbose=1
/bin/cc      -rdynamic CMakeFiles/cmTC_8d976.dir/testCCompiler.c.o  -o cmTC_8d976 
gmake[1]: Leaving directory `/usr/local/src/PotreeConverter2/master/build/CMakeFiles/CMakeTmp'



Detecting C compiler ABI info compiled with the following output:
Change Dir: /usr/local/src/PotreeConverter2/master/build/CMakeFiles/CMakeTmp

Run Build Command(s):/bin/gmake cmTC_f1e89/fast && /bin/gmake  -f CMakeFiles/cmTC_f1e89.dir/build.make CMakeFiles/cmTC_f1e89.dir/build
gmake[1]: Entering directory `/usr/local/src/PotreeConverter2/master/build/CMakeFiles/CMakeTmp'
Building C object CMakeFiles/cmTC_f1e89.dir/CMakeCCompilerABI.c.o
/bin/cc   -v -o CMakeFiles/cmTC_f1e89.dir/CMakeCCompilerABI.c.o   -c /opt/cmake/share/cmake-3.17/Modules/CMakeCCompilerABI.c
Using built-in specs.
COLLECT_GCC=/bin/cc
Target: x86_64-redhat-linux
Configured with: ../configure --enable-bootstrap --enable-languages=c,c++,objc,obj-c++,fortran,ada,go,lto --prefix=/usr --mandir=/usr/share/man --infodir=/usr/share/info --with-bugurl=http://bugzilla.redhat.com/bugzilla --enable-shared --enable-threads=posix --enable-checking=release --enable-multilib --with-system-zlib --enable-__cxa_atexit --disable-libunwind-exceptions --enable-gnu-unique-object --enable-linker-build-id --with-gcc-major-version-only --with-linker-hash-style=gnu --enable-plugin --enable-initfini-array --with-isl --enable-libmpx --enable-libsanitizer --enable-gnu-indirect-function --enable-libcilkrts --enable-libatomic --enable-libquadmath --enable-libitm --with-tune=generic --with-arch_32=x86-64 --build=x86_64-redhat-linux
Thread model: posix
gcc version 7.3.1 20180712 (Red Hat 7.3.1-9) (GCC) 
COLLECT_GCC_OPTIONS='-v' '-o' 'CMakeFiles/cmTC_f1e89.dir/CMakeCCompilerABI.c.o' '-c' '-mtune=generic' '-march=x86-64'
 /usr/libexec/gcc/x86_64-redhat-linux/7/cc1 -quiet -v /opt/cmake/share/cmake-3.17/Modules/CMakeCCompilerABI.c -quiet -dumpbase CMakeCCompilerABI.c -mtune=generic -march=x86-64 -auxbase-strip CMakeFiles/cmTC_f1e89.dir/CMakeCCompilerABI.c.o -version -o /tmp/ccqQbcTC.s
GNU C11 (GCC) version 7.3.1 20180712 (Red Hat 7.3.1-9) (x86_64-redhat-linux)
	compiled by GNU C version 7.3.1 20180712 (Red Hat 7.3.1-9), GMP version 6.0.0, MPFR version 3.1.1, MPC version 1.0.1, isl version none
GGC heuristics: --param ggc-min-expand=100 --param ggc-min-heapsize=131072
ignoring nonexistent directory "/usr/lib/gcc/x86_64-redhat-linux/7/include-fixed"
ignoring nonexistent directory "/usr/lib/gcc/x86_64-redhat-linux/7/../../../../x86_64-redhat-linux/include"
#include "..." search starts here:
#include <...> search starts here:
 /usr/lib/gcc/x86_64-redhat-linux/7/include
 /usr/local/include
 /usr/include
End of search list.
GNU C11 (GCC) version 7.3.1 20180712 (Red Hat 7.3.1-9) (x86_64-redhat-linux)
	compiled by GNU C version 7.3.1 20180712 (Red Hat 7.3.1-9), GMP version 6.0.0, MPFR version 3.1.1, MPC version 1.0.1, isl version none
GGC heuristics: --param ggc-min-expand=100 --param ggc-min-heapsize=131072
Compiler executable checksum: c29f7ffe7bd7864efb1bcb76081c1405
COLLECT_GCC_OPTIONS='-v' '-o' 'CMakeFiles/cmTC_f1e89.dir/CMakeCCompilerABI.c.o' '-c' '-mtune=generic' '-march=x86-64'
 as -v --64 -o CMakeFiles/cmTC_f1e89.dir/CMakeCCompilerABI.c.o /tmp/ccqQbcTC.s
GNU assembler version 2.29.1 (x86_64-redhat-linux) using BFD version version 2.29.1-30.amzn2
COMPILER_PATH=/usr/libexec/gcc/x86_64-redhat-linux/7/:/usr/libexec/gcc/x86_64-redhat-linux/7/:/usr/libexec/gcc/x86_64-redhat-linux/:/usr/lib/gcc/x86_64-redhat-linux/7/:/usr/lib/gcc/x86_64-redhat-linux/
LIBRARY_PATH=/usr/lib/gcc/x86_64-redhat-linux/7/:/usr/lib/gcc/x86_64-redhat-linux/7/../../../../lib64/:/lib/../lib64/:/usr/lib/../lib64/:/usr/lib/gcc/x86_64-redhat-linux/7/../../../:/lib/:/usr/lib/
COLLECT_GCC_OPTIONS='-v' '-o' 'CMakeFiles/cmTC_f1e89.dir/CMakeCCompilerABI.c.o' '-c' '-mtune=generic' '-march=x86-64'
Linking C executable cmTC_f1e89
/opt/cmake/bin/cmake -E cmake_link_script CMakeFiles/cmTC_f1e89.dir/link.txt --verbose=1
/bin/cc     -v -rdynamic CMakeFiles/cmTC_f1e89.dir/CMakeCCompilerABI.c.o  -o cmTC_f1e89 
Using built-in specs.
COLLECT_GCC=/bin/cc
COLLECT_LTO_WRAPPER=/usr/libexec/gcc/x86_64-redhat-linux/7/lto-wrapper
Target: x86_64-redhat-linux
Configured with: ../configure --enable-bootstrap --enable-languages=c,c++,objc,obj-c++,fortran,ada,go,lto --prefix=/usr --mandir=/usr/share/man --infodir=/usr/share/info --with-bugurl=http://bugzilla.redhat.com/bugzilla --enable-shared --enable-threads=posix --enable-checking=release --enable-multilib --with-system-zlib --enable-__cxa_atexit --disable-libunwind-exceptions --enable-gnu-unique-object --enable-linker-build-id --with-gcc-major-version-only --with-linker-hash-style=gnu --enable-plugin --enable-initfini-array --with-isl --enable-libmpx --enable-libsanitizer --enable-gnu-indirect-function --enable-libcilkrts --enable-libatomic --enable-libquadmath --enable-libitm --with-tune=generic --with-arch_32=x86-64 --build=x86_64-redhat-linux
Thread model: posix
gcc version 7.3.1 20180712 (Red Hat 7.3.1-9) (GCC) 
COMPILER_PATH=/usr/libexec/gcc/x86_64-redhat-linux/7/:/usr/libexec/gcc/x86_64-redhat-linux/7/:/usr/libexec/gcc/x86_64-redhat-linux/:/usr/lib/gcc/x86_64-redhat-linux/7/:/usr/lib/gcc/x86_64-redhat-linux/
LIBRARY_PATH=/usr/lib/gcc/x86_64-redhat-linux/7/:/usr/lib/gcc/x86_64-redhat-linux/7/../../../../lib64/:/lib/../lib64/:/usr/lib/../lib64/:/usr/lib/gcc/x86_64-redhat-linux/7/../../../:/lib/:/usr/lib/
COLLECT_GCC_OPTIONS='-v' '-rdynamic' '-o' 'cmTC_f1e89' '-mtune=generic' '-march=x86-64'
 /usr/libexec/gcc/x86_64-redhat-linux/7/collect2 -plugin /usr/libexec/gcc/x86_64-redhat-linux/7/liblto_plugin.so -plugin-opt=/usr/libexec/gcc/x86_64-redhat-linux/7/lto-wrapper -plugin-opt=-fresolution=/tmp/ccdW0OmC.res -plugin-opt=-pass-through=-lgcc -plugin-opt=-pass-through=-lgcc_s -plugin-opt=-pass-through=-lc -plugin-opt=-pass-through=-lgcc -plugin-opt=-pass-through=-lgcc_s --build-id --no-add-needed --eh-frame-hdr --hash-style=gnu -m elf_x86_64 -export-dynamic -dynamic-linker /lib64/ld-linux-x86-64.so.2 -o cmTC_f1e89 /usr/lib/gcc/x86_64-redhat-linux/7/../../../../lib64/crt1.o /usr/lib/gcc/x86_64-redhat-linux/7/../../../../lib64/crti.o /usr/lib/gcc/x86_64-redhat-linux/7/crtbegin.o -L/usr/lib/gcc/x86_64-redhat-linux/7 -L/usr/lib/gcc/x86_64-redhat-linux/7/../../../../lib64 -L/lib/../lib64 -L/usr/lib/../lib64 -L/usr/lib/gcc/x86_64-redhat-linux/7/../../.. CMakeFiles/cmTC_f1e89.dir/CMakeCCompilerABI.c.o -lgcc --as-needed -lgcc_s --no-as-needed -lc -lgcc --as-needed -lgcc_s --no-as-needed /usr/lib/gcc/x86_64-redhat-linux/7/crtend.o /usr/lib/gcc/x86_64-redhat-linux/7/../../../../lib64/crtn.o
COLLECT_GCC_OPTIONS='-v' '-rdynamic' '-o' 'cmTC_f1e89' '-mtune=generic' '-march=x86-64'
gmake[1]: Leaving directory `/usr/local/src/PotreeConverter2/master/build/CMakeFiles/CMakeTmp'



Parsed C implicit include dir info from above output: rv=done
  found start of include info
  found start of implicit include info
    add: [/usr/lib/gcc/x86_64-redhat-linux/7/include]
    add: [/usr/local/include]
    add: [/usr/include]
  end of search list found
  collapse include dir [/usr/lib/gcc/x86_64-redhat-linux/7/include] ==> [/usr/lib/gcc/x86_64-redhat-linux/7/include]
  collapse include dir [/usr/local/include] ==> [/usr/local/include]
  collapse include dir [/usr/include] ==> [/usr/include]
  implicit include dirs: [/usr/lib/gcc/x86_64-redhat-linux/7/include;/usr/local/include;/usr/include]


Parsed C implicit link information from above output:
  link line regex: [^( *|.*[/\])(ld|CMAKE_LINK_STARTFILE-NOTFOUND|([^/\]+-)?ld|collect2)[^/\]*( |$)]
  ignore line: [Change Dir: /usr/local/src/PotreeConverter2/master/build/CMakeFiles/CMakeTmp]
  ignore line: []
  ignore line: [Run Build Command(s):/bin/gmake cmTC_f1e89/fast && /bin/gmake  -f CMakeFiles/cmTC_f1e89.dir/build.make CMakeFiles/cmTC_f1e89.dir/build]
  ignore line: [gmake[1]: Entering directory `/usr/local/src/PotreeConverter2/master/build/CMakeFiles/CMakeTmp']
  ignore line: [Building C object CMakeFiles/cmTC_f1e89.dir/CMakeCCompilerABI.c.o]
  ignore line: [/bin/cc   -v -o CMakeFiles/cmTC_f1e89.dir/CMakeCCompilerABI.c.o   -c /opt/cmake/share/cmake-3.17/Modules/CMakeCCompilerABI.c]
  ignore line: [Using built-in specs.]
  ignore line: [COLLECT_GCC=/bin/cc]
  ignore line: [Target: x86_64-redhat-linux]
  ignore line: [Configured with: ../configure --enable-bootstrap --enable-languages=c c++ objc obj-c++ fortran ada go lto --prefix=/usr --mandir=/usr/share/man --infodir=/usr/share/info --with-bugurl=http://bugzilla.redhat.com/bugzilla --enable-shared --enable-threads=posix --enable-checking=release --enable-multilib --with-system-zlib --enable-__cxa_atexit --disable-libunwind-exceptions --enable-gnu-unique-object --enable-linker-build-id --with-gcc-major-version-only --with-linker-hash-style=gnu --enable-plugin --enable-initfini-array --with-isl --enable-libmpx --enable-libsanitizer --enable-gnu-indirect-function --enable-libcilkrts --enable-libatomic --enable-libquadmath --enable-libitm --with-tune=generic --with-arch_32=x86-64 --build=x86_64-redhat-linux]
  ignore line: [Thread model: posix]
  ignore line: [gcc version 7.3.1 20180712 (Red Hat 7.3.1-9) (GCC) ]
  ignore line: [COLLECT_GCC_OPTIONS='-v' '-o' 'CMakeFiles/cmTC_f1e89.dir/CMakeCCompilerABI.c.o' '-c' '-mtune=generic' '-march=x86-64']
  ignore line: [ /usr/libexec/gcc/x86_64-redhat-linux/7/cc1 -quiet -v /opt/cmake/share/cmake-3.17/Modules/CMakeCCompilerABI.c -quiet -dumpbase CMakeCCompilerABI.c -mtune=generic -march=x86-64 -auxbase-strip CMakeFiles/cmTC_f1e89.dir/CMakeCCompilerABI.c.o -version -o /tmp/ccqQbcTC.s]
  ignore line: [GNU C11 (GCC) version 7.3.1 20180712 (Red Hat 7.3.1-9) (x86_64-redhat-linux)]
  ignore line: [	compiled by GNU C version 7.3.1 20180712 (Red Hat 7.3.1-9)  GMP version 6.0.0  MPFR version 3.1.1  MPC version 1.0.1  isl version none]
  ignore line: [GGC heuristics: --param ggc-min-expand=100 --param ggc-min-heapsize=131072]
  ignore line: [ignoring nonexistent directory "/usr/lib/gcc/x86_64-redhat-linux/7/include-fixed"]
  ignore line: [ignoring nonexistent directory "/usr/lib/gcc/x86_64-redhat-linux/7/../../../../x86_64-redhat-linux/include"]
  ignore line: [#include "..." search starts here:]
  ignore line: [#include <...> search starts here:]
  ignore line: [ /usr/lib/gcc/x86_64-redhat-linux/7/include]
  ignore line: [ /usr/local/include]
  ignore line: [ /usr/include]
  ignore line: [End of search list.]
  ignore line: [GNU C11 (GCC) version 7.3.1 20180712 (Red Hat 7.3.1-9) (x86_64-redhat-linux)]
  ignore line: [	compiled by GNU C version 7.3.1 20180712 (Red Hat 7.3.1-9)  GMP version 6.0.0  MPFR version 3.1.1  MPC version 1.0.1  isl version none]
  ignore line: [GGC heuristics: --param ggc-min-expand=100 --param ggc-min-heapsize=131072]
  ignore line: [Compiler executable checksum: c29f7ffe7bd7864efb1bcb76081c1405]
  ignore line: [COLLECT_GCC_OPTIONS='-v' '-o' 'CMakeFiles/cmTC_f1e89.dir/CMakeCCompilerABI.c.o' '-c' '-mtune=generic' '-march=x86-64']
  ignore line: [ as -v --64 -o CMakeFiles/cmTC_f1e89.dir/CMakeCCompilerABI.c.o /tmp/ccqQbcTC.s]
  ignore line: [GNU assembler version 2.29.1 (x86_64-redhat-linux) using BFD version version 2.29.1-30.amzn2]
  ignore line: [COMPILER_PATH=/usr/libexec/gcc/x86_64-redhat-linux/7/:/usr/libexec/gcc/x86_64-redhat-linux/7/:/usr/libexec/gcc/x86_64-redhat-linux/:/usr/lib/gcc/x86_64-redhat-linux/7/:/usr/lib/gcc/x86_64-redhat-linux/]
  ignore line: [LIBRARY_PATH=/usr/lib/gcc/x86_64-redhat-linux/7/:/usr/lib/gcc/x86_64-redhat-linux/7/../../../../lib64/:/lib/../lib64/:/usr/lib/../lib64/:/usr/lib/gcc/x86_64-redhat-linux/7/../../../:/lib/:/usr/lib/]
  ignore line: [COLLECT_GCC_OPTIONS='-v' '-o' 'CMakeFiles/cmTC_f1e89.dir/CMakeCCompilerABI.c.o' '-c' '-mtune=generic' '-march=x86-64']
  ignore line: [Linking C executable cmTC_f1e89]
  ignore line: [/opt/cmake/bin/cmake -E cmake_link_script CMakeFiles/cmTC_f1e89.dir/link.txt --verbose=1]
  ignore line: [/bin/cc     -v -rdynamic CMakeFiles/cmTC_f1e89.dir/CMakeCCompilerABI.c.o  -o cmTC_f1e89 ]
  ignore line: [Using built-in specs.]
  ignore line: [COLLECT_GCC=/bin/cc]
  ignore line: [COLLECT_LTO_WRAPPER=/usr/libexec/gcc/x86_64-redhat-linux/7/lto-wrapper]
  ignore line: [Target: x86_64-redhat-linux]
  ignore line: [Configured with: ../configure --enable-bootstrap --enable-languages=c c++ objc obj-c++ fortran ada go lto --prefix=/usr --mandir=/usr/share/man --infodir=/usr/share/info --with-bugurl=http://bugzilla.redhat.com/bugzilla --enable-shared --enable-threads=posix --enable-checking=release --enable-multilib --with-system-zlib --enable-__cxa_atexit --disable-libunwind-exceptions --enable-gnu-unique-object --enable-linker-build-id --with-gcc-major-version-only --with-linker-hash-style=gnu --enable-plugin --enable-initfini-array --with-isl --enable-libmpx --enable-libsanitizer --enable-gnu-indirect-function --enable-libcilkrts --enable-libatomic --enable-libquadmath --enable-libitm --with-tune=generic --with-arch_32=x86-64 --build=x86_64-redhat-linux]
  ignore line: [Thread model: posix]
  ignore line: [gcc version 7.3.1 20180712 (Red Hat 7.3.1-9) (GCC) ]
  ignore line: [COMPILER_PATH=/usr/libexec/gcc/x86_64-redhat-linux/7/:/usr/libexec/gcc/x86_64-redhat-linux/7/:/usr/libexec/gcc/x86_64-redhat-linux/:/usr/lib/gcc/x86_64-redhat-linux/7/:/usr/lib/gcc/x86_64-redhat-linux/]
  ignore line: [LIBRARY_PATH=/usr/lib/gcc/x86_64-redhat-linux/7/:/usr/lib/gcc/x86_64-redhat-linux/7/../../../../lib64/:/lib/../lib64/:/usr/lib/../lib64/:/usr/lib/gcc/x86_64-redhat-linux/7/../../../:/lib/:/usr/lib/]
  ignore line: [COLLECT_GCC_OPTIONS='-v' '-rdynamic' '-o' 'cmTC_f1e89' '-mtune=generic' '-march=x86-64']
  link line: [ /usr/libexec/gcc/x86_64-redhat-linux/7/collect2 -plugin /usr/libexec/gcc/x86_64-redhat-linux/7/liblto_plugin.so -plugin-opt=/usr/libexec/gcc/x86_64-redhat-linux/7/lto-wrapper -plugin-opt=-fresolution=/tmp/ccdW0OmC.res -plugin-opt=-pass-through=-lgcc -plugin-opt=-pass-through=-lgcc_s -plugin-opt=-pass-through=-lc -plugin-opt=-pass-through=-lgcc -plugin-opt=-pass-through=-lgcc_s --build-id --no-add-needed --eh-frame-hdr --hash-style=gnu -m elf_x86_64 -export-dynamic -dynamic-linker /lib64/ld-linux-x86-64.so.2 -o cmTC_f1e89 /usr/lib/gcc/x86_64-redhat-linux/7/../../../../lib64/crt1.o /usr/lib/gcc/x86_64-redhat-linux/7/../../../../lib64/crti.o /usr/lib/gcc/x86_64-redhat-linux/7/crtbegin.o -L/usr/lib/gcc/x86_64-redhat-linux/7 -L/usr/lib/gcc/x86_64-redhat-linux/7/../../../../lib64 -L/lib/../lib64 -L/usr/lib/../lib64 -L/usr/lib/gcc/x86_64-redhat-linux/7/../../.. CMakeFiles/cmTC_f1e89.dir/CMakeCCompilerABI.c.o -lgcc --as-needed -lgcc_s --no-as-needed -lc -lgcc --as-needed -lgcc_s --no-as-needed /usr/lib/gcc/x86_64-redhat-linux/7/crtend.o /usr/lib/gcc/x86_64-redhat-linux/7/../../../../lib64/crtn.o]
    arg [/usr/libexec/gcc/x86_64-redhat-linux/7/collect2] ==> ignore
    arg [-plugin] ==> ignore
    arg [/usr/libexec/gcc/x86_64-redhat-linux/7/liblto_plugin.so] ==> ignore
    arg [-plugin-opt=/usr/libexec/gcc/x86_64-redhat-linux/7/lto-wrapper] ==> ignore
    arg [-plugin-opt=-fresolution=/tmp/ccdW0OmC.res] ==> ignore
    arg [-plugin-opt=-pass-through=-lgcc] ==> ignore
    arg [-plugin-opt=-pass-through=-lgcc_s] ==> ignore
    arg [-plugin-opt=-pass-through=-lc] ==> ignore
    arg [-plugin-opt=-pass-through=-lgcc] ==> ignore
    arg [-plugin-opt=-pass-through=-lgcc_s] ==> ignore
    arg [--build-id] ==> ignore
    arg [--no-add-needed] ==> ignore
    arg [--eh-frame-hdr] ==> ignore
    arg [--hash-style=gnu] ==> ignore
    arg [-m] ==> ignore
    arg [elf_x86_64] ==> ignore
    arg [-export-dynamic] ==> ignore
    arg [-dynamic-linker] ==> ignore
    arg [/lib64/ld-linux-x86-64.so.2] ==> ignore
    arg [-o] ==> ignore
    arg [cmTC_f1e89] ==> ignore
    arg [/usr/lib/gcc/x86_64-redhat-linux/7/../../../../lib64/crt1.o] ==> ignore
    arg [/usr/lib/gcc/x86_64-redhat-linux/7/../../../../lib64/crti.o] ==> ignore
    arg [/usr/lib/gcc/x86_64-redhat-linux/7/crtbegin.o] ==> ignore
    arg [-L/usr/lib/gcc/x86_64-redhat-linux/7] ==> dir [/usr/lib/gcc/x86_64-redhat-linux/7]
    arg [-L/usr/lib/gcc/x86_64-redhat-linux/7/../../../../lib64] ==> dir [/usr/lib/gcc/x86_64-redhat-linux/7/../../../../lib64]
    arg [-L/lib/../lib64] ==> dir [/lib/../lib64]
    arg [-L/usr/lib/../lib64] ==> dir [/usr/lib/../lib64]
    arg [-L/usr/lib/gcc/x86_64-redhat-linux/7/../../..] ==> dir [/usr/lib/gcc/x86_64-redhat-linux/7/../../..]
    arg [CMakeFiles/cmTC_f1e89.dir/CMakeCCompilerABI.c.o] ==> ignore
    arg [-lgcc] ==> lib [gcc]
    arg [--as-needed] ==> ignore
    arg [-lgcc_s] ==> lib [gcc_s]
    arg [--no-as-needed] ==> ignore
    arg [-lc] ==> lib [c]
    arg [-lgcc] ==> lib [gcc]
    arg [--as-needed] ==> ignore
    arg [-lgcc_s] ==> lib [gcc_s]
    arg [--no-as-needed] ==> ignore
    arg [/usr/lib/gcc/x86_64-redhat-linux/7/crtend.o] ==> ignore
    arg [/usr/lib/gcc/x86_64-redhat-linux/7/../../../../lib64/crtn.o] ==> ignore
  collapse library dir [/usr/lib/gcc/x86_64-redhat-linux/7] ==> [/usr/lib/gcc/x86_64-redhat-linux/7]
  collapse library dir [/usr/lib/gcc/x86_64-redhat-linux/7/../../../../lib64] ==> [/usr/lib64]
  collapse library dir [/lib/../lib64] ==> [/lib64]
  collapse library dir [/usr/lib/../lib64] ==> [/usr/lib64]
  collapse library dir [/usr/lib/gcc/x86_64-redhat-linux/7/../../..] ==> [/usr/lib]
  implicit libs: [gcc;gcc_s;c;gcc;gcc_s]
  implicit dirs: [/usr/lib/gcc/x86_64-redhat-linux/7;/usr/lib64;/lib64;/usr/lib]
  implicit fwks: []


Determining if the CXX compiler works passed with the following output:
Change Dir: /usr/local/src/PotreeConverter2/master/build/CMakeFiles/CMakeTmp

Run Build Command(s):/bin/gmake cmTC_ca4a1/fast && /bin/gmake  -f CMakeFiles/cmTC_ca4a1.dir/build.make CMakeFiles/cmTC_ca4a1.dir/build
gmake[1]: Entering directory `/usr/local/src/PotreeConverter2/master/build/CMakeFiles/CMakeTmp'
Building CXX object CMakeFiles/cmTC_ca4a1.dir/testCXXCompiler.cxx.o
/usr/local/src/gcc-8.4.0/build/bin/g++     -o CMakeFiles/cmTC_ca4a1.dir/testCXXCompiler.cxx.o -c /usr/local/src/PotreeConverter2/master/build/CMakeFiles/CMakeTmp/testCXXCompiler.cxx
Linking CXX executable cmTC_ca4a1
/opt/cmake/bin/cmake -E cmake_link_script CMakeFiles/cmTC_ca4a1.dir/link.txt --verbose=1
/usr/local/src/gcc-8.4.0/build/bin/g++       -rdynamic CMakeFiles/cmTC_ca4a1.dir/testCXXCompiler.cxx.o  -o cmTC_ca4a1 
gmake[1]: Leaving directory `/usr/local/src/PotreeConverter2/master/build/CMakeFiles/CMakeTmp'



Detecting CXX compiler ABI info compiled with the following output:
Change Dir: /usr/local/src/PotreeConverter2/master/build/CMakeFiles/CMakeTmp

Run Build Command(s):/bin/gmake cmTC_0a6cc/fast && /bin/gmake  -f CMakeFiles/cmTC_0a6cc.dir/build.make CMakeFiles/cmTC_0a6cc.dir/build
gmake[1]: Entering directory `/usr/local/src/PotreeConverter2/master/build/CMakeFiles/CMakeTmp'
Building CXX object CMakeFiles/cmTC_0a6cc.dir/CMakeCXXCompilerABI.cpp.o
/usr/local/src/gcc-8.4.0/build/bin/g++    -v -o CMakeFiles/cmTC_0a6cc.dir/CMakeCXXCompilerABI.cpp.o -c /opt/cmake/share/cmake-3.17/Modules/CMakeCXXCompilerABI.cpp
Using built-in specs.
COLLECT_GCC=/usr/local/src/gcc-8.4.0/build/bin/g++
Target: x86_64-pc-linux-gnu
Configured with: ./configure --enable-languages=c,c++ --disable-multilib --prefix=/usr/local/src/gcc-8.4.0/build
Thread model: posix
gcc version 8.4.0 (GCC) 
COLLECT_GCC_OPTIONS='-v' '-o' 'CMakeFiles/cmTC_0a6cc.dir/CMakeCXXCompilerABI.cpp.o' '-c' '-shared-libgcc' '-mtune=generic' '-march=x86-64'
 /usr/local/src/gcc-8.4.0/build/libexec/gcc/x86_64-pc-linux-gnu/8.4.0/cc1plus -quiet -v -D_GNU_SOURCE /opt/cmake/share/cmake-3.17/Modules/CMakeCXXCompilerABI.cpp -quiet -dumpbase CMakeCXXCompilerABI.cpp -mtune=generic -march=x86-64 -auxbase-strip CMakeFiles/cmTC_0a6cc.dir/CMakeCXXCompilerABI.cpp.o -version -o /tmp/ccr8OPJP.s
GNU C++14 (GCC) version 8.4.0 (x86_64-pc-linux-gnu)
	compiled by GNU C version 8.4.0, GMP version 6.0.0, MPFR version 3.1.1, MPC version 1.0.1, isl version none
GGC heuristics: --param ggc-min-expand=100 --param ggc-min-heapsize=131072
ignoring nonexistent directory "/usr/local/src/gcc-8.4.0/build/lib/gcc/x86_64-pc-linux-gnu/8.4.0/../../../../x86_64-pc-linux-gnu/include"
#include "..." search starts here:
#include <...> search starts here:
 /usr/local/src/gcc-8.4.0/build/lib/gcc/x86_64-pc-linux-gnu/8.4.0/../../../../include/c++/8.4.0
 /usr/local/src/gcc-8.4.0/build/lib/gcc/x86_64-pc-linux-gnu/8.4.0/../../../../include/c++/8.4.0/x86_64-pc-linux-gnu
 /usr/local/src/gcc-8.4.0/build/lib/gcc/x86_64-pc-linux-gnu/8.4.0/../../../../include/c++/8.4.0/backward
 /usr/local/src/gcc-8.4.0/build/lib/gcc/x86_64-pc-linux-gnu/8.4.0/include
 /usr/local/include
 /usr/local/src/gcc-8.4.0/build/include
 /usr/local/src/gcc-8.4.0/build/lib/gcc/x86_64-pc-linux-gnu/8.4.0/include-fixed
 /usr/include
End of search list.
GNU C++14 (GCC) version 8.4.0 (x86_64-pc-linux-gnu)
	compiled by GNU C version 8.4.0, GMP version 6.0.0, MPFR version 3.1.1, MPC version 1.0.1, isl version none
GGC heuristics: --param ggc-min-expand=100 --param ggc-min-heapsize=131072
Compiler executable checksum: 6a495f1b469f9d2e10ceac409ea91588
COLLECT_GCC_OPTIONS='-v' '-o' 'CMakeFiles/cmTC_0a6cc.dir/CMakeCXXCompilerABI.cpp.o' '-c' '-shared-libgcc' '-mtune=generic' '-march=x86-64'
 as -v --64 -o CMakeFiles/cmTC_0a6cc.dir/CMakeCXXCompilerABI.cpp.o /tmp/ccr8OPJP.s
GNU assembler version 2.29.1 (x86_64-redhat-linux) using BFD version version 2.29.1-30.amzn2
COMPILER_PATH=/usr/local/src/gcc-8.4.0/build/libexec/gcc/x86_64-pc-linux-gnu/8.4.0/:/usr/local/src/gcc-8.4.0/build/libexec/gcc/x86_64-pc-linux-gnu/8.4.0/:/usr/local/src/gcc-8.4.0/build/libexec/gcc/x86_64-pc-linux-gnu/:/usr/local/src/gcc-8.4.0/build/lib/gcc/x86_64-pc-linux-gnu/8.4.0/:/usr/local/src/gcc-8.4.0/build/lib/gcc/x86_64-pc-linux-gnu/
LIBRARY_PATH=/usr/local/src/gcc-8.4.0/build/lib/gcc/x86_64-pc-linux-gnu/8.4.0/:/usr/local/src/gcc-8.4.0/build/lib/gcc/x86_64-pc-linux-gnu/8.4.0/../../../../lib64/:/lib/../lib64/:/usr/lib/../lib64/:/usr/local/src/gcc-8.4.0/build/lib/gcc/x86_64-pc-linux-gnu/8.4.0/../../../:/lib/:/usr/lib/
COLLECT_GCC_OPTIONS='-v' '-o' 'CMakeFiles/cmTC_0a6cc.dir/CMakeCXXCompilerABI.cpp.o' '-c' '-shared-libgcc' '-mtune=generic' '-march=x86-64'
Linking CXX executable cmTC_0a6cc
/opt/cmake/bin/cmake -E cmake_link_script CMakeFiles/cmTC_0a6cc.dir/link.txt --verbose=1
/usr/local/src/gcc-8.4.0/build/bin/g++      -v -rdynamic CMakeFiles/cmTC_0a6cc.dir/CMakeCXXCompilerABI.cpp.o  -o cmTC_0a6cc 
Using built-in specs.
COLLECT_GCC=/usr/local/src/gcc-8.4.0/build/bin/g++
COLLECT_LTO_WRAPPER=/usr/local/src/gcc-8.4.0/build/libexec/gcc/x86_64-pc-linux-gnu/8.4.0/lto-wrapper
Target: x86_64-pc-linux-gnu
Configured with: ./configure --enable-languages=c,c++ --disable-multilib --prefix=/usr/local/src/gcc-8.4.0/build
Thread model: posix
gcc version 8.4.0 (GCC) 
COMPILER_PATH=/usr/local/src/gcc-8.4.0/build/libexec/gcc/x86_64-pc-linux-gnu/8.4.0/:/usr/local/src/gcc-8.4.0/build/libexec/gcc/x86_64-pc-linux-gnu/8.4.0/:/usr/local/src/gcc-8.4.0/build/libexec/gcc/x86_64-pc-linux-gnu/:/usr/local/src/gcc-8.4.0/build/lib/gcc/x86_64-pc-linux-gnu/8.4.0/:/usr/local/src/gcc-8.4.0/build/lib/gcc/x86_64-pc-linux-gnu/
LIBRARY_PATH=/usr/local/src/gcc-8.4.0/build/lib/gcc/x86_64-pc-linux-gnu/8.4.0/:/usr/local/src/gcc-8.4.0/build/lib/gcc/x86_64-pc-linux-gnu/8.4.0/../../../../lib64/:/lib/../lib64/:/usr/lib/../lib64/:/usr/local/src/gcc-8.4.0/build/lib/gcc/x86_64-pc-linux-gnu/8.4.0/../../../:/lib/:/usr/lib/
COLLECT_GCC_OPTIONS='-v' '-rdynamic' '-o' 'cmTC_0a6cc' '-shared-libgcc' '-mtune=generic' '-march=x86-64'
 /usr/local/src/gcc-8.4.0/build/libexec/gcc/x86_64-pc-linux-gnu/8.4.0/collect2 -plugin /usr/local/src/gcc-8.4.0/build/libexec/gcc/x86_64-pc-linux-gnu/8.4.0/liblto_plugin.so -plugin-opt=/usr/local/src/gcc-8.4.0/build/libexec/gcc/x86_64-pc-linux-gnu/8.4.0/lto-wrapper -plugin-opt=-fresolution=/tmp/cctes4qR.res -plugin-opt=-pass-through=-lgcc_s -plugin-opt=-pass-through=-lgcc -plugin-opt=-pass-through=-lc -plugin-opt=-pass-through=-lgcc_s -plugin-opt=-pass-through=-lgcc --eh-frame-hdr -m elf_x86_64 -export-dynamic -dynamic-linker /lib64/ld-linux-x86-64.so.2 -o cmTC_0a6cc /lib/../lib64/crt1.o /lib/../lib64/crti.o /usr/local/src/gcc-8.4.0/build/lib/gcc/x86_64-pc-linux-gnu/8.4.0/crtbegin.o -L/usr/local/src/gcc-8.4.0/build/lib/gcc/x86_64-pc-linux-gnu/8.4.0 -L/usr/local/src/gcc-8.4.0/build/lib/gcc/x86_64-pc-linux-gnu/8.4.0/../../../../lib64 -L/lib/../lib64 -L/usr/lib/../lib64 -L/usr/local/src/gcc-8.4.0/build/lib/gcc/x86_64-pc-linux-gnu/8.4.0/../../.. CMakeFiles/cmTC_0a6cc.dir/CMakeCXXCompilerABI.cpp.o -lstdc++ -lm -lgcc_s -lgcc -lc -lgcc_s -lgcc /usr/local/src/gcc-8.4.0/build/lib/gcc/x86_64-pc-linux-gnu/8.4.0/crtend.o /lib/../lib64/crtn.o
COLLECT_GCC_OPTIONS='-v' '-rdynamic' '-o' 'cmTC_0a6cc' '-shared-libgcc' '-mtune=generic' '-march=x86-64'
gmake[1]: Leaving directory `/usr/local/src/PotreeConverter2/master/build/CMakeFiles/CMakeTmp'



Parsed CXX implicit include dir info from above output: rv=done
  found start of include info
  found start of implicit include info
    add: [/usr/local/src/gcc-8.4.0/build/lib/gcc/x86_64-pc-linux-gnu/8.4.0/../../../../include/c++/8.4.0]
    add: [/usr/local/src/gcc-8.4.0/build/lib/gcc/x86_64-pc-linux-gnu/8.4.0/../../../../include/c++/8.4.0/x86_64-pc-linux-gnu]
    add: [/usr/local/src/gcc-8.4.0/build/lib/gcc/x86_64-pc-linux-gnu/8.4.0/../../../../include/c++/8.4.0/backward]
    add: [/usr/local/src/gcc-8.4.0/build/lib/gcc/x86_64-pc-linux-gnu/8.4.0/include]
    add: [/usr/local/include]
    add: [/usr/local/src/gcc-8.4.0/build/include]
    add: [/usr/local/src/gcc-8.4.0/build/lib/gcc/x86_64-pc-linux-gnu/8.4.0/include-fixed]
    add: [/usr/include]
  end of search list found
  collapse include dir [/usr/local/src/gcc-8.4.0/build/lib/gcc/x86_64-pc-linux-gnu/8.4.0/../../../../include/c++/8.4.0] ==> [/usr/local/src/gcc-8.4.0/build/include/c++/8.4.0]
  collapse include dir [/usr/local/src/gcc-8.4.0/build/lib/gcc/x86_64-pc-linux-gnu/8.4.0/../../../../include/c++/8.4.0/x86_64-pc-linux-gnu] ==> [/usr/local/src/gcc-8.4.0/build/include/c++/8.4.0/x86_64-pc-linux-gnu]
  collapse include dir [/usr/local/src/gcc-8.4.0/build/lib/gcc/x86_64-pc-linux-gnu/8.4.0/../../../../include/c++/8.4.0/backward] ==> [/usr/local/src/gcc-8.4.0/build/include/c++/8.4.0/backward]
  collapse include dir [/usr/local/src/gcc-8.4.0/build/lib/gcc/x86_64-pc-linux-gnu/8.4.0/include] ==> [/usr/local/src/gcc-8.4.0/build/lib/gcc/x86_64-pc-linux-gnu/8.4.0/include]
  collapse include dir [/usr/local/include] ==> [/usr/local/include]
  collapse include dir [/usr/local/src/gcc-8.4.0/build/include] ==> [/usr/local/src/gcc-8.4.0/build/include]
  collapse include dir [/usr/local/src/gcc-8.4.0/build/lib/gcc/x86_64-pc-linux-gnu/8.4.0/include-fixed] ==> [/usr/local/src/gcc-8.4.0/build/lib/gcc/x86_64-pc-linux-gnu/8.4.0/include-fixed]
  collapse include dir [/usr/include] ==> [/usr/include]
  implicit include dirs: [/usr/local/src/gcc-8.4.0/build/include/c++/8.4.0;/usr/local/src/gcc-8.4.0/build/include/c++/8.4.0/x86_64-pc-linux-gnu;/usr/local/src/gcc-8.4.0/build/include/c++/8.4.0/backward;/usr/local/src/gcc-8.4.0/build/lib/gcc/x86_64-pc-linux-gnu/8.4.0/include;/usr/local/include;/usr/local/src/gcc-8.4.0/build/include;/usr/local/src/gcc-8.4.0/build/lib/gcc/x86_64-pc-linux-gnu/8.4.0/include-fixed;/usr/include]


Parsed CXX implicit link information from above output:
  link line regex: [^( *|.*[/\])(ld|CMAKE_LINK_STARTFILE-NOTFOUND|([^/\]+-)?ld|collect2)[^/\]*( |$)]
  ignore line: [Change Dir: /usr/local/src/PotreeConverter2/master/build/CMakeFiles/CMakeTmp]
  ignore line: []
  ignore line: [Run Build Command(s):/bin/gmake cmTC_0a6cc/fast && /bin/gmake  -f CMakeFiles/cmTC_0a6cc.dir/build.make CMakeFiles/cmTC_0a6cc.dir/build]
  ignore line: [gmake[1]: Entering directory `/usr/local/src/PotreeConverter2/master/build/CMakeFiles/CMakeTmp']
  ignore line: [Building CXX object CMakeFiles/cmTC_0a6cc.dir/CMakeCXXCompilerABI.cpp.o]
  ignore line: [/usr/local/src/gcc-8.4.0/build/bin/g++    -v -o CMakeFiles/cmTC_0a6cc.dir/CMakeCXXCompilerABI.cpp.o -c /opt/cmake/share/cmake-3.17/Modules/CMakeCXXCompilerABI.cpp]
  ignore line: [Using built-in specs.]
  ignore line: [COLLECT_GCC=/usr/local/src/gcc-8.4.0/build/bin/g++]
  ignore line: [Target: x86_64-pc-linux-gnu]
  ignore line: [Configured with: ./configure --enable-languages=c c++ --disable-multilib --prefix=/usr/local/src/gcc-8.4.0/build]
  ignore line: [Thread model: posix]
  ignore line: [gcc version 8.4.0 (GCC) ]
  ignore line: [COLLECT_GCC_OPTIONS='-v' '-o' 'CMakeFiles/cmTC_0a6cc.dir/CMakeCXXCompilerABI.cpp.o' '-c' '-shared-libgcc' '-mtune=generic' '-march=x86-64']
  ignore line: [ /usr/local/src/gcc-8.4.0/build/libexec/gcc/x86_64-pc-linux-gnu/8.4.0/cc1plus -quiet -v -D_GNU_SOURCE /opt/cmake/share/cmake-3.17/Modules/CMakeCXXCompilerABI.cpp -quiet -dumpbase CMakeCXXCompilerABI.cpp -mtune=generic -march=x86-64 -auxbase-strip CMakeFiles/cmTC_0a6cc.dir/CMakeCXXCompilerABI.cpp.o -version -o /tmp/ccr8OPJP.s]
  ignore line: [GNU C++14 (GCC) version 8.4.0 (x86_64-pc-linux-gnu)]
  ignore line: [	compiled by GNU C version 8.4.0  GMP version 6.0.0  MPFR version 3.1.1  MPC version 1.0.1  isl version none]
  ignore line: [GGC heuristics: --param ggc-min-expand=100 --param ggc-min-heapsize=131072]
  ignore line: [ignoring nonexistent directory "/usr/local/src/gcc-8.4.0/build/lib/gcc/x86_64-pc-linux-gnu/8.4.0/../../../../x86_64-pc-linux-gnu/include"]
  ignore line: [#include "..." search starts here:]
  ignore line: [#include <...> search starts here:]
  ignore line: [ /usr/local/src/gcc-8.4.0/build/lib/gcc/x86_64-pc-linux-gnu/8.4.0/../../../../include/c++/8.4.0]
  ignore line: [ /usr/local/src/gcc-8.4.0/build/lib/gcc/x86_64-pc-linux-gnu/8.4.0/../../../../include/c++/8.4.0/x86_64-pc-linux-gnu]
  ignore line: [ /usr/local/src/gcc-8.4.0/build/lib/gcc/x86_64-pc-linux-gnu/8.4.0/../../../../include/c++/8.4.0/backward]
  ignore line: [ /usr/local/src/gcc-8.4.0/build/lib/gcc/x86_64-pc-linux-gnu/8.4.0/include]
  ignore line: [ /usr/local/include]
  ignore line: [ /usr/local/src/gcc-8.4.0/build/include]
  ignore line: [ /usr/local/src/gcc-8.4.0/build/lib/gcc/x86_64-pc-linux-gnu/8.4.0/include-fixed]
  ignore line: [ /usr/include]
  ignore line: [End of search list.]
  ignore line: [GNU C++14 (GCC) version 8.4.0 (x86_64-pc-linux-gnu)]
  ignore line: [	compiled by GNU C version 8.4.0  GMP version 6.0.0  MPFR version 3.1.1  MPC version 1.0.1  isl version none]
  ignore line: [GGC heuristics: --param ggc-min-expand=100 --param ggc-min-heapsize=131072]
  ignore line: [Compiler executable checksum: 6a495f1b469f9d2e10ceac409ea91588]
  ignore line: [COLLECT_GCC_OPTIONS='-v' '-o' 'CMakeFiles/cmTC_0a6cc.dir/CMakeCXXCompilerABI.cpp.o' '-c' '-shared-libgcc' '-mtune=generic' '-march=x86-64']
  ignore line: [ as -v --64 -o CMakeFiles/cmTC_0a6cc.dir/CMakeCXXCompilerABI.cpp.o /tmp/ccr8OPJP.s]
  ignore line: [GNU assembler version 2.29.1 (x86_64-redhat-linux) using BFD version version 2.29.1-30.amzn2]
  ignore line: [COMPILER_PATH=/usr/local/src/gcc-8.4.0/build/libexec/gcc/x86_64-pc-linux-gnu/8.4.0/:/usr/local/src/gcc-8.4.0/build/libexec/gcc/x86_64-pc-linux-gnu/8.4.0/:/usr/local/src/gcc-8.4.0/build/libexec/gcc/x86_64-pc-linux-gnu/:/usr/local/src/gcc-8.4.0/build/lib/gcc/x86_64-pc-linux-gnu/8.4.0/:/usr/local/src/gcc-8.4.0/build/lib/gcc/x86_64-pc-linux-gnu/]
  ignore line: [LIBRARY_PATH=/usr/local/src/gcc-8.4.0/build/lib/gcc/x86_64-pc-linux-gnu/8.4.0/:/usr/local/src/gcc-8.4.0/build/lib/gcc/x86_64-pc-linux-gnu/8.4.0/../../../../lib64/:/lib/../lib64/:/usr/lib/../lib64/:/usr/local/src/gcc-8.4.0/build/lib/gcc/x86_64-pc-linux-gnu/8.4.0/../../../:/lib/:/usr/lib/]
  ignore line: [COLLECT_GCC_OPTIONS='-v' '-o' 'CMakeFiles/cmTC_0a6cc.dir/CMakeCXXCompilerABI.cpp.o' '-c' '-shared-libgcc' '-mtune=generic' '-march=x86-64']
  ignore line: [Linking CXX executable cmTC_0a6cc]
  ignore line: [/opt/cmake/bin/cmake -E cmake_link_script CMakeFiles/cmTC_0a6cc.dir/link.txt --verbose=1]
  ignore line: [/usr/local/src/gcc-8.4.0/build/bin/g++      -v -rdynamic CMakeFiles/cmTC_0a6cc.dir/CMakeCXXCompilerABI.cpp.o  -o cmTC_0a6cc ]
  ignore line: [Using built-in specs.]
  ignore line: [COLLECT_GCC=/usr/local/src/gcc-8.4.0/build/bin/g++]
  ignore line: [COLLECT_LTO_WRAPPER=/usr/local/src/gcc-8.4.0/build/libexec/gcc/x86_64-pc-linux-gnu/8.4.0/lto-wrapper]
  ignore line: [Target: x86_64-pc-linux-gnu]
  ignore line: [Configured with: ./configure --enable-languages=c c++ --disable-multilib --prefix=/usr/local/src/gcc-8.4.0/build]
  ignore line: [Thread model: posix]
  ignore line: [gcc version 8.4.0 (GCC) ]
  ignore line: [COMPILER_PATH=/usr/local/src/gcc-8.4.0/build/libexec/gcc/x86_64-pc-linux-gnu/8.4.0/:/usr/local/src/gcc-8.4.0/build/libexec/gcc/x86_64-pc-linux-gnu/8.4.0/:/usr/local/src/gcc-8.4.0/build/libexec/gcc/x86_64-pc-linux-gnu/:/usr/local/src/gcc-8.4.0/build/lib/gcc/x86_64-pc-linux-gnu/8.4.0/:/usr/local/src/gcc-8.4.0/build/lib/gcc/x86_64-pc-linux-gnu/]
  ignore line: [LIBRARY_PATH=/usr/local/src/gcc-8.4.0/build/lib/gcc/x86_64-pc-linux-gnu/8.4.0/:/usr/local/src/gcc-8.4.0/build/lib/gcc/x86_64-pc-linux-gnu/8.4.0/../../../../lib64/:/lib/../lib64/:/usr/lib/../lib64/:/usr/local/src/gcc-8.4.0/build/lib/gcc/x86_64-pc-linux-gnu/8.4.0/../../../:/lib/:/usr/lib/]
  ignore line: [COLLECT_GCC_OPTIONS='-v' '-rdynamic' '-o' 'cmTC_0a6cc' '-shared-libgcc' '-mtune=generic' '-march=x86-64']
  link line: [ /usr/local/src/gcc-8.4.0/build/libexec/gcc/x86_64-pc-linux-gnu/8.4.0/collect2 -plugin /usr/local/src/gcc-8.4.0/build/libexec/gcc/x86_64-pc-linux-gnu/8.4.0/liblto_plugin.so -plugin-opt=/usr/local/src/gcc-8.4.0/build/libexec/gcc/x86_64-pc-linux-gnu/8.4.0/lto-wrapper -plugin-opt=-fresolution=/tmp/cctes4qR.res -plugin-opt=-pass-through=-lgcc_s -plugin-opt=-pass-through=-lgcc -plugin-opt=-pass-through=-lc -plugin-opt=-pass-through=-lgcc_s -plugin-opt=-pass-through=-lgcc --eh-frame-hdr -m elf_x86_64 -export-dynamic -dynamic-linker /lib64/ld-linux-x86-64.so.2 -o cmTC_0a6cc /lib/../lib64/crt1.o /lib/../lib64/crti.o /usr/local/src/gcc-8.4.0/build/lib/gcc/x86_64-pc-linux-gnu/8.4.0/crtbegin.o -L/usr/local/src/gcc-8.4.0/build/lib/gcc/x86_64-pc-linux-gnu/8.4.0 -L/usr/local/src/gcc-8.4.0/build/lib/gcc/x86_64-pc-linux-gnu/8.4.0/../../../../lib64 -L/lib/../lib64 -L/usr/lib/../lib64 -L/usr/local/src/gcc-8.4.0/build/lib/gcc/x86_64-pc-linux-gnu/8.4.0/../../.. CMakeFiles/cmTC_0a6cc.dir/CMakeCXXCompilerABI.cpp.o -lstdc++ -lm -lgcc_s -lgcc -lc -lgcc_s -lgcc /usr/local/src/gcc-8.4.0/build/lib/gcc/x86_64-pc-linux-gnu/8.4.0/crtend.o /lib/../lib64/crtn.o]
    arg [/usr/local/src/gcc-8.4.0/build/libexec/gcc/x86_64-pc-linux-gnu/8.4.0/collect2] ==> ignore
    arg [-plugin] ==> ignore
    arg [/usr/local/src/gcc-8.4.0/build/libexec/gcc/x86_64-pc-linux-gnu/8.4.0/liblto_plugin.so] ==> ignore
    arg [-plugin-opt=/usr/local/src/gcc-8.4.0/build/libexec/gcc/x86_64-pc-linux-gnu/8.4.0/lto-wrapper] ==> ignore
    arg [-plugin-opt=-fresolution=/tmp/cctes4qR.res] ==> ignore
    arg [-plugin-opt=-pass-through=-lgcc_s] ==> ignore
    arg [-plugin-opt=-pass-through=-lgcc] ==> ignore
    arg [-plugin-opt=-pass-through=-lc] ==> ignore
    arg [-plugin-opt=-pass-through=-lgcc_s] ==> ignore
    arg [-plugin-opt=-pass-through=-lgcc] ==> ignore
    arg [--eh-frame-hdr] ==> ignore
    arg [-m] ==> ignore
    arg [elf_x86_64] ==> ignore
    arg [-export-dynamic] ==> ignore
    arg [-dynamic-linker] ==> ignore
    arg [/lib64/ld-linux-x86-64.so.2] ==> ignore
    arg [-o] ==> ignore
    arg [cmTC_0a6cc] ==> ignore
    arg [/lib/../lib64/crt1.o] ==> ignore
    arg [/lib/../lib64/crti.o] ==> ignore
    arg [/usr/local/src/gcc-8.4.0/build/lib/gcc/x86_64-pc-linux-gnu/8.4.0/crtbegin.o] ==> ignore
    arg [-L/usr/local/src/gcc-8.4.0/build/lib/gcc/x86_64-pc-linux-gnu/8.4.0] ==> dir [/usr/local/src/gcc-8.4.0/build/lib/gcc/x86_64-pc-linux-gnu/8.4.0]
    arg [-L/usr/local/src/gcc-8.4.0/build/lib/gcc/x86_64-pc-linux-gnu/8.4.0/../../../../lib64] ==> dir [/usr/local/src/gcc-8.4.0/build/lib/gcc/x86_64-pc-linux-gnu/8.4.0/../../../../lib64]
    arg [-L/lib/../lib64] ==> dir [/lib/../lib64]
    arg [-L/usr/lib/../lib64] ==> dir [/usr/lib/../lib64]
    arg [-L/usr/local/src/gcc-8.4.0/build/lib/gcc/x86_64-pc-linux-gnu/8.4.0/../../..] ==> dir [/usr/local/src/gcc-8.4.0/build/lib/gcc/x86_64-pc-linux-gnu/8.4.0/../../..]
    arg [CMakeFiles/cmTC_0a6cc.dir/CMakeCXXCompilerABI.cpp.o] ==> ignore
    arg [-lstdc++] ==> lib [stdc++]
    arg [-lm] ==> lib [m]
    arg [-lgcc_s] ==> lib [gcc_s]
    arg [-lgcc] ==> lib [gcc]
    arg [-lc] ==> lib [c]
    arg [-lgcc_s] ==> lib [gcc_s]
    arg [-lgcc] ==> lib [gcc]
    arg [/usr/local/src/gcc-8.4.0/build/lib/gcc/x86_64-pc-linux-gnu/8.4.0/crtend.o] ==> ignore
    arg [/lib/../lib64/crtn.o] ==> ignore
  collapse library dir [/usr/local/src/gcc-8.4.0/build/lib/gcc/x86_64-pc-linux-gnu/8.4.0] ==> [/usr/local/src/gcc-8.4.0/build/lib/gcc/x86_64-pc-linux-gnu/8.4.0]
  collapse library dir [/usr/local/src/gcc-8.4.0/build/lib/gcc/x86_64-pc-linux-gnu/8.4.0/../../../../lib64] ==> [/usr/local/src/gcc-8.4.0/build/lib64]
  collapse library dir [/lib/../lib64] ==> [/lib64]
  collapse library dir [/usr/lib/../lib64] ==> [/usr/lib64]
  collapse library dir [/usr/local/src/gcc-8.4.0/build/lib/gcc/x86_64-pc-linux-gnu/8.4.0/../../..] ==> [/usr/local/src/gcc-8.4.0/build/lib]
  implicit libs: [stdc++;m;gcc_s;gcc;c;gcc_s;gcc]
  implicit dirs: [/usr/local/src/gcc-8.4.0/build/lib/gcc/x86_64-pc-linux-gnu/8.4.0;/usr/local/src/gcc-8.4.0/build/lib64;/lib64;/usr/lib64;/usr/local/src/gcc-8.4.0/build/lib]
  implicit fwks: []


